<?xml version="1.0" encoding="UTF-8"?>
<testsuite xmlns:xsi="http://www.w3.org/2001/XMLSchema-instance" xsi:noNamespaceSchemaLocation="https://maven.apache.org/surefire/maven-surefire-plugin/xsd/surefire-test-report-3.0.xsd" version="3.0" name="ParticipantTest" time="0.173" tests="13" errors="0" skipped="0" failures="0">
  <properties>
[...]
</properties>
  <testcase name="testSetProspectStatus" classname="ParticipantTest" time="0.075"/>
  <testcase name="testAddAddressEvidence" classname="ParticipantTest" time="0.004"/>
  <testcase name="testAddSurnameEvidence" classname="ParticipantTest" time="0.002"/>
  <testcase name="testSetAndGetNationalInsuranceNumber" classname="ParticipantTest" time="0.002"/>
  <testcase name="testAddBankAccountEvidence" classname="ParticipantTest" time="0.001"/>
  <testcase name="testAddFirstNameEvidence" classname="ParticipantTest" time="0.003"/>
  <testcase name="testSetDateOfBirth" classname="ParticipantTest" time="0.001"/>
  <testcase name="testSetPrimaryTelephone" classname="ParticipantTest" time="0.002"/>
  <testcase name="testSetPrimaryEmail" classname="ParticipantTest" time="0.002"/>
  <testcase name="testGetAge" classname="ParticipantTest" time="0.001"/>
  <testcase name="testValidationFailsWithInvalidTelephone" classname="ParticipantTest" time="0.006"/>
  <testcase name="testValidationFailsWithInvalidEmail" classname="ParticipantTest" time="0.002"/>
  <testcase name="testConstructor" classname="ParticipantTest" time="0.002"/>
</testsuite>